<?xml version="1.0" encoding="UTF-8"?>
<testsuite name="TestRunner.Americangolf_Regression_BDDTest" time="0.007" tests="8" errors="0" skipped="0" failures="0">
  <properties>
[...]
</properties>
  <testcase name="Given User is on americangolf home page by launching Login URL" classname="Scenario: User Validates login functionality for americangolf application" time="0.002"/>
  <testcase name="When User enter loginusername and loginpassword" classname="Scenario: User Validates login functionality for americangolf application" time="0"/>
  <testcase name="And User Clicks on login button" classname="Scenario: User Validates login functionality for americangolf application" time="0.001"/>
  <testcase name="Scenario: User Validates login functionality for americangolf application" classname="Scenario: User Validates login functionality for americangolf application" time="0.003"/>
  <testcase name="Given User is Landed on the americangolf home page" classname="Scenario: User able to Landed on the americangolf home page" time="0"/>
  <testcase name="When user clicks on the Home button" classname="Scenario: User able to Landed on the americangolf home page" time="0"/>
  <testcase name="And user clicks on the Golfclub button" classname="Scenario: User able to Landed on the americangolf home page" time="0"/>
  <testcase name="Scenario: User able to Landed on the americangolf home page" classname="Scenario: User able to Landed on the americangolf home page" time="0.001"/>
</testsuite>